{"/Users/kishankumar/bitly/src/bitly.js":{"path":"/Users/kishankumar/bitly/src/bitly.js","s":{"1":1,"2":1,"3":1,"4":1,"5":1,"6":1,"7":1,"8":1,"9":1,"10":1,"11":1,"12":1,"13":1,"14":1,"15":0,"16":1,"17":0,"18":0,"19":0,"20":0,"21":0,"22":0,"23":0,"24":0,"25":0,"26":0,"27":0,"28":1,"29":1,"30":1},"b":{"1":[0,1],"2":[0,0],"3":[0,0],"4":[0,0],"5":[0,0],"6":[0,1]},"f":{"1":1,"2":1,"3":1,"4":0,"5":1},"fnMap":{"1":{"name":"(anonymous_1)","line":11,"loc":{"start":{"line":11,"column":13},"end":{"line":11,"column":27}}},"2":{"name":"(anonymous_2)","line":19,"loc":{"start":{"line":19,"column":17},"end":{"line":19,"column":32}}},"3":{"name":"(anonymous_3)","line":30,"loc":{"start":{"line":30,"column":12},"end":{"line":30,"column":25}}},"4":{"name":"(anonymous_4)","line":43,"loc":{"start":{"line":43,"column":18},"end":{"line":43,"column":33}}},"5":{"name":"(anonymous_5)","line":64,"loc":{"start":{"line":64,"column":10},"end":{"line":64,"column":28}}}},"statementMap":{"1":{"start":{"line":3,"column":0},"end":{"line":3,"column":27}},"2":{"start":{"line":4,"column":0},"end":{"line":4,"column":41}},"3":{"start":{"line":5,"column":0},"end":{"line":5,"column":29}},"4":{"start":{"line":6,"column":0},"end":{"line":6,"column":36}},"5":{"start":{"line":12,"column":4},"end":{"line":12,"column":35}},"6":{"start":{"line":13,"column":4},"end":{"line":13,"column":25}},"7":{"start":{"line":14,"column":4},"end":{"line":14,"column":39}},"8":{"start":{"line":15,"column":4},"end":{"line":15,"column":28}},"9":{"start":{"line":16,"column":4},"end":{"line":16,"column":27}},"10":{"start":{"line":20,"column":4},"end":{"line":20,"column":45}},"11":{"start":{"line":22,"column":4},"end":{"line":27,"column":8}},"12":{"start":{"line":31,"column":4},"end":{"line":40,"column":7}},"13":{"start":{"line":32,"column":6},"end":{"line":39,"column":11}},"14":{"start":{"line":34,"column":8},"end":{"line":38,"column":11}},"15":{"start":{"line":35,"column":12},"end":{"line":35,"column":87}},"16":{"start":{"line":37,"column":12},"end":{"line":37,"column":44}},"17":{"start":{"line":44,"column":4},"end":{"line":44,"column":22}},"18":{"start":{"line":45,"column":4},"end":{"line":45,"column":22}},"19":{"start":{"line":46,"column":4},"end":{"line":46,"column":18}},"20":{"start":{"line":49,"column":4},"end":{"line":51,"column":5}},"21":{"start":{"line":50,"column":6},"end":{"line":50,"column":22}},"22":{"start":{"line":52,"column":4},"end":{"line":54,"column":7}},"23":{"start":{"line":53,"column":6},"end":{"line":53,"column":58}},"24":{"start":{"line":56,"column":4},"end":{"line":58,"column":5}},"25":{"start":{"line":57,"column":6},"end":{"line":57,"column":32}},"26":{"start":{"line":59,"column":4},"end":{"line":61,"column":5}},"27":{"start":{"line":60,"column":6},"end":{"line":60,"column":24}},"28":{"start":{"line":65,"column":4},"end":{"line":69,"column":6}},"29":{"start":{"line":71,"column":4},"end":{"line":71,"column":66}},"30":{"start":{"line":75,"column":0},"end":{"line":75,"column":23}}},"branchMap":{"1":{"line":34,"type":"if","locations":[{"start":{"line":34,"column":8},"end":{"line":34,"column":8}},{"start":{"line":34,"column":8},"end":{"line":34,"column":8}}]},"2":{"line":49,"type":"if","locations":[{"start":{"line":49,"column":4},"end":{"line":49,"column":4}},{"start":{"line":49,"column":4},"end":{"line":49,"column":4}}]},"3":{"line":53,"type":"cond-expr","locations":[{"start":{"line":53,"column":20},"end":{"line":53,"column":39}},{"start":{"line":53,"column":42},"end":{"line":53,"column":57}}]},"4":{"line":56,"type":"if","locations":[{"start":{"line":56,"column":4},"end":{"line":56,"column":4}},{"start":{"line":56,"column":4},"end":{"line":56,"column":4}}]},"5":{"line":59,"type":"if","locations":[{"start":{"line":59,"column":4},"end":{"line":59,"column":4}},{"start":{"line":59,"column":4},"end":{"line":59,"column":4}}]},"6":{"line":68,"type":"cond-expr","locations":[{"start":{"line":68,"column":23},"end":{"line":68,"column":29}},{"start":{"line":68,"column":32},"end":{"line":68,"column":43}}]}}}}