TN:
SF:/Users/kishankumar/bitly/src/bitly.js
FN:11,(anonymous_1)
FN:19,(anonymous_2)
FN:30,(anonymous_3)
FN:43,(anonymous_4)
FN:64,(anonymous_5)
FNF:5
FNH:4
FNDA:1,(anonymous_1)
FNDA:1,(anonymous_2)
FNDA:1,(anonymous_3)
FNDA:0,(anonymous_4)
FNDA:1,(anonymous_5)
DA:3,1
DA:4,1
DA:5,1
DA:6,1
DA:12,1
DA:13,1
DA:14,1
DA:15,1
DA:16,1
DA:20,1
DA:22,1
DA:31,1
DA:32,1
DA:34,1
DA:35,0
DA:37,1
DA:44,0
DA:45,0
DA:46,0
DA:49,0
DA:50,0
DA:52,0
DA:53,0
DA:56,0
DA:57,0
DA:59,0
DA:60,0
DA:65,1
DA:71,1
DA:75,1
LF:30
LH:18
BRDA:34,1,0,0
BRDA:34,1,1,1
BRDA:49,2,0,0
BRDA:49,2,1,0
BRDA:53,3,0,0
BRDA:53,3,1,0
BRDA:56,4,0,0
BRDA:56,4,1,0
BRDA:59,5,0,0
BRDA:59,5,1,0
BRDA:68,6,0,0
BRDA:68,6,1,1
BRF:12
BRH:2
end_of_record
